<?xml version="1.0" encoding="UTF-8"?>
<!-- Generated by org.testng.reporters.JUnitReportReporter -->
<testsuite hostname="DESKTOP-936GHLD" failures="0" tests="1" name="com.Testing.testcase.LoginTest" time="21.306" errors="0" timestamp="2021-11-11T12:00:27 IST" skipped="0">
  <testcase classname="com.Testing.testcase.LoginTest" name="test_success" time="21.306"/>
  <system-out/>
</testsuite> <!-- com.Testing.testcase.LoginTest -->
